<?xml version="1.0" encoding="UTF-8"?>
<robot generator="Robot 3.1.1 (Python 3.6.2 on win32)" generated="20190301 15:40:48.966" rpa="false">
<suite id="s1" name="Step9-KOLEA-Public-Portal-Standardize-Address" source="C:\Users\velliyaD\Desktop\Step9-KOLEA-Public-Portal-Standardize-Address">
<suite id="s1-s1" name="Test" source="C:\Users\velliyaD\Desktop\Step9-KOLEA-Public-Portal-Standardize-Address\Test">
<suite id="s1-s1-s1" name="Testsuite5" source="C:\Users\velliyaD\Desktop\Step9-KOLEA-Public-Portal-Standardize-Address\Test\Testsuite5.robot">
<test id="s1-s1-s1-t1" name="Test5">
<kw name="Log" library="BuiltIn">
<doc>Logs the given message with the given level.</doc>
<arguments>
<arg>Step9-KOLEA-Public-Portal-Standardize-Address</arg>
</arguments>
<msg timestamp="20190301 15:40:49.216" level="INFO">Step9-KOLEA-Public-Portal-Standardize-Address</msg>
<status status="PASS" starttime="20190301 15:40:49.216" endtime="20190301 15:40:49.216"></status>
</kw>
<status status="PASS" starttime="20190301 15:40:49.216" endtime="20190301 15:40:49.216" critical="yes"></status>
</test>
<test id="s1-s1-s1-t2" name="KOLEA-Public-Portal-Standardize-Address">
<kw name="Open Browser" library="SeleniumLibrary">
<doc>Opens a new browser instance to the given ``url``.</doc>
<arguments>
<arg>${URL}</arg>
<arg>Chrome</arg>
</arguments>
<msg timestamp="20190301 15:40:49.216" level="INFO">Opening browser 'Chrome' to base url 'file:///C:/Users/velliyaD/Documents/Project%20materials/Scenario-1-Liferay-Portal/Step9-KOLEA-Public-Portal-Standardize-Address.html'.</msg>
<status status="PASS" starttime="20190301 15:40:49.216" endtime="20190301 15:40:51.045"></status>
</kw>
<kw name="Click Element" library="SeleniumLibrary">
<doc>Click element identified by ``locator``.</doc>
<arguments>
<arg>${Path_LFRY_PP_Standardized_Address_If_Home_Address}</arg>
</arguments>
<msg timestamp="20190301 15:40:51.047" level="INFO">Clicking element '//input[@value='false']'.</msg>
<status status="PASS" starttime="20190301 15:40:51.046" endtime="20190301 15:40:51.226"></status>
</kw>
<kw name="Sleep" library="BuiltIn">
<doc>Pauses the test executed for the given time.</doc>
<arguments>
<arg>1</arg>
</arguments>
<msg timestamp="20190301 15:40:52.231" level="INFO">Slept 1 second</msg>
<status status="PASS" starttime="20190301 15:40:51.227" endtime="20190301 15:40:52.231"></status>
</kw>
<kw name="Click Element" library="SeleniumLibrary">
<doc>Click element identified by ``locator``.</doc>
<arguments>
<arg>${Path_LFRY_PP_Standardized_Address_If_Standardized Address}</arg>
</arguments>
<msg timestamp="20190301 15:40:52.231" level="INFO">Clicking element '//input[@value='true']'.</msg>
<status status="PASS" starttime="20190301 15:40:52.231" endtime="20190301 15:40:52.311"></status>
</kw>
<status status="PASS" starttime="20190301 15:40:49.216" endtime="20190301 15:40:52.311" critical="yes"></status>
</test>
<status status="PASS" starttime="20190301 15:40:49.028" endtime="20190301 15:40:52.312"></status>
</suite>
<status status="PASS" starttime="20190301 15:40:49.028" endtime="20190301 15:40:52.315"></status>
</suite>
<status status="PASS" starttime="20190301 15:40:48.997" endtime="20190301 15:40:52.319"></status>
</suite>
<statistics>
<total>
<stat pass="2" fail="0">Critical Tests</stat>
<stat pass="2" fail="0">All Tests</stat>
</total>
<tag>
</tag>
<suite>
<stat pass="2" fail="0" id="s1" name="Step9-KOLEA-Public-Portal-Standardize-Address">Step9-KOLEA-Public-Portal-Standardize-Address</stat>
<stat pass="2" fail="0" id="s1-s1" name="Test">Step9-KOLEA-Public-Portal-Standardize-Address.Test</stat>
<stat pass="2" fail="0" id="s1-s1-s1" name="Testsuite5">Step9-KOLEA-Public-Portal-Standardize-Address.Test.Testsuite5</stat>
</suite>
</statistics>
<errors>
</errors>
</robot>
