<?xml version="1.0" encoding="UTF-8"?>
<robot generator="Robot 3.1.1 (Python 3.6.2 on win32)" generated="20190222 10:44:03.365" rpa="false">
<suite id="s1" name="Robotproject1" source="C:\Users\velliyaD\git\RobotProject_Dhanush\Robotproject1">
<suite id="s1-s1" name="Test" source="C:\Users\velliyaD\git\RobotProject_Dhanush\Robotproject1\Test">
<suite id="s1-s1-s1" name="Testsuite1" source="C:\Users\velliyaD\git\RobotProject_Dhanush\Robotproject1\Test\Testsuite1.robot">
<test id="s1-s1-s1-t1" name="MyFirstTest">
<kw name="Log" library="BuiltIn">
<doc>Logs the given message with the given level.</doc>
<arguments>
<arg>Hello World...</arg>
</arguments>
<msg timestamp="20190222 10:44:04.179" level="INFO">Hello World...</msg>
<status status="PASS" starttime="20190222 10:44:04.178" endtime="20190222 10:44:04.180"></status>
</kw>
<status status="PASS" starttime="20190222 10:44:04.176" endtime="20190222 10:44:04.181" critical="yes"></status>
</test>
<test id="s1-s1-s1-t2" name="FirstSeleniumTest">
<kw name="Open Browser" library="SeleniumLibrary">
<doc>Opens a new browser instance to the given ``url``.</doc>
<arguments>
<arg>https://google.com</arg>
<arg>Chrome</arg>
</arguments>
<msg timestamp="20190222 10:44:04.184" level="INFO">Opening browser 'Chrome' to base url 'https://google.com'.</msg>
<status status="PASS" starttime="20190222 10:44:04.183" endtime="20190222 10:44:08.750"></status>
</kw>
<kw name="Set Browser Implicit Wait" library="SeleniumLibrary">
<doc>Sets the implicit wait value used by Selenium.</doc>
<arguments>
<arg>5</arg>
</arguments>
<status status="PASS" starttime="20190222 10:44:08.750" endtime="20190222 10:44:08.757"></status>
</kw>
<kw name="Input Text" library="SeleniumLibrary">
<doc>Types the given ``text`` into text field identified by ``locator``.</doc>
<arguments>
<arg>name=q</arg>
<arg>Facebook.com</arg>
</arguments>
<msg timestamp="20190222 10:44:08.759" level="INFO">Typing text 'Facebook.com' into text field 'name=q'.</msg>
<status status="PASS" starttime="20190222 10:44:08.758" endtime="20190222 10:44:09.013"></status>
</kw>
<kw name="Press Keys" library="SeleniumLibrary">
<doc>Simulates user pressing key(s) to an element or on the active browser.</doc>
<arguments>
<arg>name=q</arg>
<arg>ENTER</arg>
</arguments>
<msg timestamp="20190222 10:44:09.015" level="INFO">Sending key(s) ('ENTER',) to name=q element.</msg>
<msg timestamp="20190222 10:44:09.031" level="INFO">Pressing special key ENTER to element.</msg>
<status status="PASS" starttime="20190222 10:44:09.014" endtime="20190222 10:44:10.734"></status>
</kw>
<kw name="Sleep" library="BuiltIn">
<doc>Pauses the test executed for the given time.</doc>
<arguments>
<arg>6</arg>
</arguments>
<msg timestamp="20190222 10:44:16.735" level="INFO">Slept 6 seconds</msg>
<status status="PASS" starttime="20190222 10:44:10.734" endtime="20190222 10:44:16.736"></status>
</kw>
<kw name="Close Browser" library="SeleniumLibrary">
<doc>Closes the current browser.</doc>
<status status="PASS" starttime="20190222 10:44:16.738" endtime="20190222 10:44:18.809"></status>
</kw>
<status status="PASS" starttime="20190222 10:44:04.182" endtime="20190222 10:44:18.810" critical="yes"></status>
</test>
<test id="s1-s1-s1-t3" name="LoginTest">
<kw name="Open Browser" library="SeleniumLibrary">
<doc>Opens a new browser instance to the given ``url``.</doc>
<arguments>
<arg>https://www.google.com/gmail/</arg>
<arg>Chrome</arg>
</arguments>
<msg timestamp="20190222 10:44:18.817" level="INFO">Opening browser 'Chrome' to base url 'https://www.google.com/gmail/'.</msg>
<status status="PASS" starttime="20190222 10:44:18.814" endtime="20190222 10:44:22.161"></status>
</kw>
<kw name="Set Browser Implicit Wait" library="SeleniumLibrary">
<doc>Sets the implicit wait value used by Selenium.</doc>
<arguments>
<arg>5</arg>
</arguments>
<status status="PASS" starttime="20190222 10:44:22.162" endtime="20190222 10:44:22.167"></status>
</kw>
<kw name="Input Text" library="SeleniumLibrary">
<doc>Types the given ``text`` into text field identified by ``locator``.</doc>
<arguments>
<arg>name=identifier</arg>
<arg>dhanushirtt@gmail.com</arg>
</arguments>
<msg timestamp="20190222 10:44:22.169" level="INFO">Typing text 'dhanushirtt@gmail.com' into text field 'name=identifier'.</msg>
<status status="PASS" starttime="20190222 10:44:22.168" endtime="20190222 10:44:22.822"></status>
</kw>
<kw name="Click Element" library="SeleniumLibrary">
<doc>Click element identified by ``locator``.</doc>
<arguments>
<arg>xpath=//span[@class='RveJvd snByac'][contains(.,'Next')]</arg>
</arguments>
<msg timestamp="20190222 10:44:22.823" level="INFO">Clicking element 'xpath=//span[@class='RveJvd snByac'][contains(.,'Next')]'.</msg>
<status status="PASS" starttime="20190222 10:44:22.823" endtime="20190222 10:44:22.911"></status>
</kw>
<kw name="Input Text" library="SeleniumLibrary">
<doc>Types the given ``text`` into text field identified by ``locator``.</doc>
<arguments>
<arg>name=password</arg>
<arg>VD123456</arg>
</arguments>
<msg timestamp="20190222 10:44:22.913" level="INFO">Typing text 'VD123456' into text field 'name=password'.</msg>
<status status="PASS" starttime="20190222 10:44:22.912" endtime="20190222 10:44:26.186"></status>
</kw>
<kw name="Click Element" library="SeleniumLibrary">
<doc>Click element identified by ``locator``.</doc>
<arguments>
<arg>xpath=//div[@id='passwordNext']</arg>
</arguments>
<msg timestamp="20190222 10:44:26.187" level="INFO">Clicking element 'xpath=//div[@id='passwordNext']'.</msg>
<status status="PASS" starttime="20190222 10:44:26.186" endtime="20190222 10:44:26.338"></status>
</kw>
<status status="PASS" starttime="20190222 10:44:18.812" endtime="20190222 10:44:26.339" critical="yes"></status>
</test>
<status status="PASS" starttime="20190222 10:44:03.726" endtime="20190222 10:44:26.340"></status>
</suite>
<status status="PASS" starttime="20190222 10:44:03.723" endtime="20190222 10:44:26.343"></status>
</suite>
<status status="PASS" starttime="20190222 10:44:03.697" endtime="20190222 10:44:26.349"></status>
</suite>
<statistics>
<total>
<stat pass="3" fail="0">Critical Tests</stat>
<stat pass="3" fail="0">All Tests</stat>
</total>
<tag>
</tag>
<suite>
<stat pass="3" fail="0" id="s1" name="Robotproject1">Robotproject1</stat>
<stat pass="3" fail="0" id="s1-s1" name="Test">Robotproject1.Test</stat>
<stat pass="3" fail="0" id="s1-s1-s1" name="Testsuite1">Robotproject1.Test.Testsuite1</stat>
</suite>
</statistics>
<errors>
</errors>
</robot>
